<?xml version="1.0" encoding="UTF-8"?>
<testsuite xmlns:xsi="http://www.w3.org/2001/XMLSchema-instance" xsi:noNamespaceSchemaLocation="https://maven.apache.org/surefire/maven-surefire-plugin/xsd/surefire-test-report.xsd" version="3.0.2" name="com.springarena.ProductCrudTest" time="3.333" tests="9" errors="0" skipped="0" failures="0">
  <properties>
[...]
</properties>
  <testcase name="serviceShouldExist" classname="com.springarena.ProductCrudTest" time="0.435">
    <system-out><![CDATA[20:48:18.232 [main] INFO org.springframework.test.context.support.AnnotationConfigContextLoaderUtils -- Could not detect default configuration classes for test class [com.springarena.ProductCrudTest]: ProductCrudTest does not declare any static, non-private, non-final, nested classes annotated with @Configuration.
20:48:18.307 [main] INFO org.springframework.boot.test.context.SpringBootTestContextBootstrapper -- Found @SpringBootConfiguration com.springarena.SpringArenaApplication for test class com.springarena.ProductCrudTest

  .   ____          _            __ _ _
 /\\ / ___'_ __ _ _(_)_ __  __ _ \ \ \ \
( ( )\___ | '_ | '_| | '_ \/ _` | \ \ \ \
 \\/  ___)| |_)| | | | | || (_| |  ) ) ) )
  '  |____| .__|_| |_|_| |_\__, | / / / /
 =========|_|==============|___/=/_/_/_/

 :: Spring Boot ::                (v3.4.1)

2026-06-28T20:48:18.569+05:30  INFO 339680 --- [           main] com.springarena.ProductCrudTest          : Starting ProductCrudTest using Java 26 with PID 339680 (started by wanony in /home/wanony/projects/spring/challenges/01-basic-crud)
2026-06-28T20:48:18.571+05:30  INFO 339680 --- [           main] com.springarena.ProductCrudTest          : No active profile set, falling back to 1 default profile: "default"
2026-06-28T20:48:18.972+05:30  INFO 339680 --- [           main] .s.d.r.c.RepositoryConfigurationDelegate : Bootstrapping Spring Data JPA repositories in DEFAULT mode.
2026-06-28T20:48:19.014+05:30  INFO 339680 --- [           main] .s.d.r.c.RepositoryConfigurationDelegate : Finished Spring Data repository scanning in 34 ms. Found 1 JPA repository interface.
2026-06-28T20:48:19.331+05:30  INFO 339680 --- [           main] o.hibernate.jpa.internal.util.LogHelper  : HHH000204: Processing PersistenceUnitInfo [name: default]
2026-06-28T20:48:19.365+05:30  INFO 339680 --- [           main] org.hibernate.Version                    : HHH000412: Hibernate ORM core version 6.6.4.Final
2026-06-28T20:48:19.386+05:30  INFO 339680 --- [           main] o.h.c.internal.RegionFactoryInitiator    : HHH000026: Second-level cache disabled
2026-06-28T20:48:19.580+05:30  INFO 339680 --- [           main] o.s.o.j.p.SpringPersistenceUnitInfo      : No LoadTimeWeaver setup: ignoring JPA class transformer
2026-06-28T20:48:19.601+05:30  INFO 339680 --- [           main] com.zaxxer.hikari.HikariDataSource       : HikariPool-1 - Starting...
2026-06-28T20:48:19.718+05:30  INFO 339680 --- [           main] com.zaxxer.hikari.pool.HikariPool        : HikariPool-1 - Added connection conn0: url=jdbc:h2:mem:testdb user=SA
2026-06-28T20:48:19.719+05:30  INFO 339680 --- [           main] com.zaxxer.hikari.HikariDataSource       : HikariPool-1 - Start completed.
2026-06-28T20:48:19.755+05:30  INFO 339680 --- [           main] org.hibernate.orm.connections.pooling    : HHH10001005: Database info:
	Database JDBC URL [Connecting through datasource 'HikariDataSource (HikariPool-1)']
	Database driver: undefined/unknown
	Database version: 2.3.232
	Autocommit mode: undefined/unknown
	Isolation level: undefined/unknown
	Minimum pool size: undefined/unknown
	Maximum pool size: undefined/unknown
2026-06-28T20:48:20.175+05:30  INFO 339680 --- [           main] o.h.e.t.j.p.i.JtaPlatformInitiator       : HHH000489: No JTA platform available (set 'hibernate.transaction.jta.platform' to enable JTA platform integration)
Hibernate: drop table if exists product cascade 
Hibernate: create table product (price float(53), quantity integer, id bigint generated by default as identity, description varchar(255), name varchar(255), primary key (id))
2026-06-28T20:48:20.195+05:30  INFO 339680 --- [           main] j.LocalContainerEntityManagerFactoryBean : Initialized JPA EntityManagerFactory for persistence unit 'default'
2026-06-28T20:48:20.447+05:30  WARN 339680 --- [           main] JpaBaseConfiguration$JpaWebConfiguration : spring.jpa.open-in-view is enabled by default. Therefore, database queries may be performed during view rendering. Explicitly configure spring.jpa.open-in-view to disable this warning
2026-06-28T20:48:20.680+05:30  INFO 339680 --- [           main] o.s.b.a.h2.H2ConsoleAutoConfiguration    : H2 console available at '/h2-console'. Database available at 'jdbc:h2:mem:testdb'
2026-06-28T20:48:20.719+05:30  INFO 339680 --- [           main] o.s.b.t.m.w.SpringBootMockServletContext : Initializing Spring TestDispatcherServlet ''
2026-06-28T20:48:20.720+05:30  INFO 339680 --- [           main] o.s.t.web.servlet.TestDispatcherServlet  : Initializing Servlet ''
2026-06-28T20:48:20.720+05:30  INFO 339680 --- [           main] o.s.t.web.servlet.TestDispatcherServlet  : Completed initialization in 0 ms
2026-06-28T20:48:20.738+05:30  INFO 339680 --- [           main] com.springarena.ProductCrudTest          : Started ProductCrudTest in 2.351 seconds (process running for 2.932)
Hibernate: select p1_0.id,p1_0.description,p1_0.name,p1_0.price,p1_0.quantity from product p1_0
]]></system-out>
    <system-err><![CDATA[Mockito is currently self-attaching to enable the inline-mock-maker. This will no longer work in future releases of the JDK. Please add Mockito as an agent to your build what is described in Mockito's documentation: https://javadoc.io/doc/org.mockito/mockito-core/latest/org/mockito/Mockito.html#0.3
WARNING: A Java agent has been loaded dynamically (/home/wanony/.m2/repository/net/bytebuddy/byte-buddy-agent/1.15.11/byte-buddy-agent-1.15.11.jar)
WARNING: If a serviceability tool is in use, please run with -XX:+EnableDynamicAgentLoading to hide this warning
WARNING: If a serviceability tool is not in use, please run with -Djdk.instrument.traceUsage for more information
WARNING: Dynamic loading of agents will be disallowed by default in a future release
]]></system-err>
  </testcase>
  <testcase name="shouldCreateProduct" classname="com.springarena.ProductCrudTest" time="0.132">
    <system-out><![CDATA[Hibernate: select p1_0.id,p1_0.description,p1_0.name,p1_0.price,p1_0.quantity from product p1_0
Hibernate: insert into product (description,name,price,quantity,id) values (?,?,?,?,default)
]]></system-out>
  </testcase>
  <testcase name="shouldGetAllProducts" classname="com.springarena.ProductCrudTest" time="0.032">
    <system-out><![CDATA[Hibernate: select p1_0.id,p1_0.description,p1_0.name,p1_0.price,p1_0.quantity from product p1_0
Hibernate: delete from product where id=?
Hibernate: insert into product (description,name,price,quantity,id) values (?,?,?,?,default)
Hibernate: insert into product (description,name,price,quantity,id) values (?,?,?,?,default)
Hibernate: select p1_0.id,p1_0.description,p1_0.name,p1_0.price,p1_0.quantity from product p1_0
]]></system-out>
  </testcase>
  <testcase name="shouldGetProductById" classname="com.springarena.ProductCrudTest" time="0.021">
    <system-out><![CDATA[Hibernate: select p1_0.id,p1_0.description,p1_0.name,p1_0.price,p1_0.quantity from product p1_0
Hibernate: delete from product where id=?
Hibernate: delete from product where id=?
Hibernate: insert into product (description,name,price,quantity,id) values (?,?,?,?,default)
Hibernate: select p1_0.id,p1_0.description,p1_0.name,p1_0.price,p1_0.quantity from product p1_0 where p1_0.id=?
]]></system-out>
  </testcase>
  <testcase name="shouldReturn404WhenProductNotFound" classname="com.springarena.ProductCrudTest" time="0.012">
    <system-out><![CDATA[Hibernate: select p1_0.id,p1_0.description,p1_0.name,p1_0.price,p1_0.quantity from product p1_0
Hibernate: delete from product where id=?
Hibernate: select p1_0.id,p1_0.description,p1_0.name,p1_0.price,p1_0.quantity from product p1_0 where p1_0.id=?
]]></system-out>
  </testcase>
  <testcase name="shouldUpdateProduct" classname="com.springarena.ProductCrudTest" time="0.027">
    <system-out><![CDATA[Hibernate: select p1_0.id,p1_0.description,p1_0.name,p1_0.price,p1_0.quantity from product p1_0
Hibernate: insert into product (description,name,price,quantity,id) values (?,?,?,?,default)
Hibernate: select p1_0.id,p1_0.description,p1_0.name,p1_0.price,p1_0.quantity from product p1_0 where p1_0.id=?
Hibernate: update product set description=?,name=?,price=?,quantity=? where id=?
]]></system-out>
  </testcase>
  <testcase name="shouldReturn404WhenUpdatingNonExistentProduct" classname="com.springarena.ProductCrudTest" time="0.015">
    <system-out><![CDATA[Hibernate: select p1_0.id,p1_0.description,p1_0.name,p1_0.price,p1_0.quantity from product p1_0
Hibernate: delete from product where id=?
Hibernate: select p1_0.id,p1_0.description,p1_0.name,p1_0.price,p1_0.quantity from product p1_0 where p1_0.id=?
]]></system-out>
  </testcase>
  <testcase name="shouldDeleteProduct" classname="com.springarena.ProductCrudTest" time="0.024">
    <system-out><![CDATA[Hibernate: select p1_0.id,p1_0.description,p1_0.name,p1_0.price,p1_0.quantity from product p1_0
Hibernate: insert into product (description,name,price,quantity,id) values (?,?,?,?,default)
Hibernate: select p1_0.id,p1_0.description,p1_0.name,p1_0.price,p1_0.quantity from product p1_0 where p1_0.id=?
Hibernate: delete from product where id=?
Hibernate: select p1_0.id,p1_0.description,p1_0.name,p1_0.price,p1_0.quantity from product p1_0 where p1_0.id=?
]]></system-out>
  </testcase>
  <testcase name="shouldReturn404WhenDeletingNonExistentProduct" classname="com.springarena.ProductCrudTest" time="0.01">
    <system-out><![CDATA[Hibernate: select p1_0.id,p1_0.description,p1_0.name,p1_0.price,p1_0.quantity from product p1_0
Hibernate: select p1_0.id,p1_0.description,p1_0.name,p1_0.price,p1_0.quantity from product p1_0 where p1_0.id=?
]]></system-out>
  </testcase>
</testsuite>